GET /api/persons 200 231 - 1.696 ms
POST /api/persons 200 {"name":"nacho","number":"30-2332"}
GET /api/persons 200 231 - 2.019 ms
POST /api/persons 200 {"name":"Nacho","number":"4343"}
GET /api/persons 200 231 - 2.195 ms
GET /api/persons 304 - - 0.702 ms
POST /api/persons 200 {"name":"Nacho","number":"43434"}
GET /api/persons 200 215 - 39.486 ms
GET /api/persons 304 - - 40.246 ms
GET /api/persons 304 - - 33.799 ms
GET /api/persons 304 - - 44.838 ms
POST /api/persons 200 {"name":"Mike","number":"49203-12314"}
GET /api/persons 200 286 - 38.280 ms
GET /api/persons 304 - - 30.444 ms
GET /api/persons 304 - - 31.188 ms
PUT /api/persons/670d695211b27d8ab72d7970 404 175 - 0.573 ms
POST /api/persons 200 {"name":"Miguel","number":"32435623"}
GET /api/persons 200 356 - 30.184 ms
GET /info 200 76 - 71.064 ms
GET /favicon.ico 404 150 - 0.411 ms
GET /api/notes/someinvalidid 404 162 - 1.498 ms
GET /api/notes/someinvalidid 404 162 - 0.508 ms
GET /api/notes/ 404 149 - 0.272 ms
GET /api/notes 404 148 - 0.161 ms
GET /api/persons 304 - - 41.264 ms
GET /api/persons 304 - - 41.869 ms
DELETE /api/persons/671cfc31c09f26a6e91bb88a 204 - - 0.874 ms
GET /api/persons 304 - - 41.847 ms
DELETE /api/persons/671cfc31c09f26a6e91bb88a 204 - - 0.268 ms
GET /api/persons 304 - - 34.267 ms
GET /api/persons 304 - - 41.693 ms
DELETE /api/persons/671cfc31c09f26a6e91bb88a 204 - - 40.124 ms
GET /api/persons 200 286 - 33.784 ms
POST /api/persons 200 {"name":"nacho","number":"a44132"}
DELETE /api/persons/671d198839b1e5b5a8d2cbd8 204 - - 40.751 ms
PUT /api/persons/670d695211b27d8ab72d7970 404 175 - 0.929 ms
GET /api/persons 200 286 - 36.005 ms
PUT /api/persons/670d695211b27d8ab72d7970 200 66 - 37.629 ms
GET /api/persons 200 282 - 29.835 ms
GET /api/persons 304 - - 43.937 ms
GET /api/persons 304 - - 33.864 ms
GET /api/persons/35454 400 18 - 2.856 ms
GET /api/persons/670d695211b27d8ab72d7970 200 66 - 34.947 ms
GET /info 200 77 - 15.311 ms
GET /info 200 103 - 18.026 ms
GET /info 304 - - 15.896 ms
GET /info 304 - - 16.236 ms
GET /info 304 - - 18.442 ms
GET /info 500 1306 - 2.627 ms
GET /info 200 103 - 16.387 ms
GET /info 200 137 - 17.667 ms
GET /info 304 - - 19.111 ms
GET /info 200 93 - 20.594 ms
GET /info 200 92 - 18.022 ms
GET /info 500 1301 - 4.224 ms
GET /info 500 1301 - 1.286 ms
GET /info 200 76 - 16.542 ms
GET /info 200 85 - 16.422 ms
GET /info 200 63 - 44.496 ms
GET /persons/4334 404 151 - 1.474 ms
GET /persons 404 146 - 0.330 ms
GET /api/persons 304 - - 33.424 ms
GET /api/persons/434343 400 18 - 2.350 ms
GET /api/persons/670d695211b27d8ab72d7970 304 - - 29.764 ms
